<?xml version="1.0" encoding="UTF-8"?>
<testsuite xmlns:xsi="http://www.w3.org/2001/XMLSchema-instance" xsi:noNamespaceSchemaLocation="https://maven.apache.org/surefire/maven-surefire-plugin/xsd/surefire-test-report-3.0.xsd" version="3.0" name="cinesdbmanager.CinesDbManagerApplicationTests" time="3.829" tests="1" errors="0" skipped="0" failures="0">
  <properties>
[...]
</properties>
  <testcase name="contextLoads" classname="cinesdbmanager.CinesDbManagerApplicationTests" time="0.357">
    <system-out><![CDATA[20:21:16.404 [main] INFO org.springframework.test.context.support.AnnotationConfigContextLoaderUtils -- Could not detect default configuration classes for test class [cinesdbmanager.CinesDbManagerApplicationTests]: CinesDbManagerApplicationTests does not declare any static, non-private, non-final, nested classes annotated with @Configuration.
20:21:16.463 [main] INFO org.springframework.boot.test.context.SpringBootTestContextBootstrapper -- Found @SpringBootConfiguration cinesdbmanager.CinesDbManagerApplication for test class cinesdbmanager.CinesDbManagerApplicationTests

  .   ____          _            __ _ _
 /\\ / ___'_ __ _ _(_)_ __  __ _ \ \ \ \
( ( )\___ | '_ | '_| | '_ \/ _` | \ \ \ \
 \\/  ___)| |_)| | | | | || (_| |  ) ) ) )
  '  |____| .__|_| |_|_| |_\__, | / / / /
 =========|_|==============|___/=/_/_/_/
 :: Spring Boot ::                (v3.2.2)

2024-03-06T20:21:16.688+01:00  INFO 5044 --- [           main] c.CinesDbManagerApplicationTests         : Starting CinesDbManagerApplicationTests using Java 21.0.1 with PID 5044 (started by danie in D:\DAM\CineDBProject\CineDBManager)
2024-03-06T20:21:16.688+01:00  INFO 5044 --- [           main] c.CinesDbManagerApplicationTests         : No active profile set, falling back to 1 default profile: "default"
2024-03-06T20:21:16.884+01:00  INFO 5044 --- [           main] .s.d.r.c.RepositoryConfigurationDelegate : Bootstrapping Spring Data JPA repositories in DEFAULT mode.
2024-03-06T20:21:16.911+01:00  INFO 5044 --- [           main] .s.d.r.c.RepositoryConfigurationDelegate : Finished Spring Data repository scanning in 22 ms. Found 4 JPA repository interfaces.
2024-03-06T20:21:17.231+01:00  INFO 5044 --- [           main] o.hibernate.jpa.internal.util.LogHelper  : HHH000204: Processing PersistenceUnitInfo [name: default]
2024-03-06T20:21:17.271+01:00  INFO 5044 --- [           main] org.hibernate.Version                    : HHH000412: Hibernate ORM core version 6.4.1.Final
2024-03-06T20:21:17.291+01:00  INFO 5044 --- [           main] o.h.c.internal.RegionFactoryInitiator    : HHH000026: Second-level cache disabled
2024-03-06T20:21:17.423+01:00  INFO 5044 --- [           main] o.s.o.j.p.SpringPersistenceUnitInfo      : No LoadTimeWeaver setup: ignoring JPA class transformer
2024-03-06T20:21:17.436+01:00  INFO 5044 --- [           main] com.zaxxer.hikari.HikariDataSource       : HikariPool-1 - Starting...
2024-03-06T20:21:18.114+01:00  INFO 5044 --- [           main] com.zaxxer.hikari.pool.HikariPool        : HikariPool-1 - Added connection org.postgresql.jdbc.PgConnection@700b9e6b
2024-03-06T20:21:18.116+01:00  INFO 5044 --- [           main] com.zaxxer.hikari.HikariDataSource       : HikariPool-1 - Start completed.
2024-03-06T20:21:18.173+01:00  WARN 5044 --- [           main] org.hibernate.dialect.Dialect            : HHH000511: The 11.18.0 version for [org.hibernate.dialect.PostgreSQLDialect] is no longer supported, hence certain features may not work properly. The minimum supported version is 12.0.0. Check the community dialects project for available legacy versions.
2024-03-06T20:21:18.175+01:00  WARN 5044 --- [           main] org.hibernate.orm.deprecation            : HHH90000025: PostgreSQLDialect does not need to be specified explicitly using 'hibernate.dialect' (remove the property setting and it will be selected by default)
2024-03-06T20:21:18.749+01:00  INFO 5044 --- [           main] o.h.e.t.j.p.i.JtaPlatformInitiator       : HHH000489: No JTA platform available (set 'hibernate.transaction.jta.platform' to enable JTA platform integration)
2024-03-06T20:21:19.387+01:00  INFO 5044 --- [           main] j.LocalContainerEntityManagerFactoryBean : Initialized JPA EntityManagerFactory for persistence unit 'default'
2024-03-06T20:21:19.756+01:00  INFO 5044 --- [           main] c.CinesDbManagerApplicationTests         : Started CinesDbManagerApplicationTests in 3.219 seconds (process running for 3.763)
]]></system-out>
    <system-err><![CDATA[WARNING: A Java agent has been loaded dynamically (C:\Users\danie\.m2\repository\net\bytebuddy\byte-buddy-agent\1.14.11\byte-buddy-agent-1.14.11.jar)
WARNING: If a serviceability tool is in use, please run with -XX:+EnableDynamicAgentLoading to hide this warning
WARNING: If a serviceability tool is not in use, please run with -Djdk.instrument.traceUsage for more information
WARNING: Dynamic loading of agents will be disallowed by default in a future release
]]></system-err>
  </testcase>
</testsuite>